<?xml version="1.0" encoding="UTF-8"?>
<!-- Generated by org.testng.reporters.JUnitReportReporter -->
<testsuite hostname="Ketan-PC" failures="0" tests="1" name="com.flentas.tests.FindBlogTest" time="7.296" errors="0" timestamp="2025-08-28T22:15:12 IST" skipped="0">
  <testcase classname="com.flentas.tests.FindBlogTest" name="findAndOpenBlog" time="7.296"/>
</testsuite> <!-- com.flentas.tests.FindBlogTest -->
