<?xml version="1.0" encoding="UTF-8"?>
<!-- Generated by org.testng.reporters.JUnitReportReporter -->
<testsuite hostname="Ketan-PC" failures="0" tests="1" name="com.flentas.tests.BrokenLinksTest" time="8.467" errors="0" timestamp="2025-09-04T15:58:16 IST" skipped="0">
  <testcase classname="com.flentas.tests.BrokenLinksTest" name="printAllLinksWithResponseCode" time="8.467"/>
</testsuite> <!-- com.flentas.tests.BrokenLinksTest -->
