<?xml version="1.0" encoding="UTF-8"?>
<!-- Generated by org.testng.reporters.JUnitReportReporter -->
<testsuite hostname="Ketan-PC" failures="0" tests="1" name="com.flentas.tests.CheckServicesTest" time="7.266" errors="0" timestamp="2025-09-01T22:37:25 IST" skipped="0">
  <testcase classname="com.flentas.tests.CheckServicesTest" name="validateAllServicesTitles" time="7.266"/>
</testsuite> <!-- com.flentas.tests.CheckServicesTest -->
